<?xml version="1.0" encoding="UTF-8"?>
<!-- Generated by org.testng.reporters.JUnitReportReporter -->
<testsuite hostname="DESKTOP-R05C0VE" failures="0" tests="1" name="com.php.testCases.ProfileCreationExecution" time="10.794" errors="0" timestamp="16 May 2022 02:54:12 GMT">
  <testcase classname="com.php.testCases.ProfileCreationExecution" name="profileCreation" time="10.794"/>
</testsuite> <!-- com.php.testCases.ProfileCreationExecution -->
