<?xml version="1.0" encoding="UTF-8"?>
<!-- Generated by org.testng.reporters.JUnitReportReporter -->
<testsuite hostname="DESKTOP-R05C0VE" failures="0" tests="1" name="com.php.testCases.ProfileCreationExecution" time="15.300" errors="0" timestamp="9 Jun 2022 02:27:40 GMT">
  <testcase classname="com.php.testCases.ProfileCreationExecution" name="profileCreation" time="15.300"/>
</testsuite> <!-- com.php.testCases.ProfileCreationExecution -->
