<?xml version="1.0" encoding="UTF-8"?>
<!-- Generated by org.testng.reporters.JUnitReportReporter -->
<testsuite hostname="DESKTOP-R05C0VE" failures="0" tests="1" name="com.php.testCases.LoginPageTest" time="13.338" errors="0" timestamp="9 Jun 2022 02:27:40 GMT">
  <testcase classname="com.php.testCases.LoginPageTest" name="Login" time="13.338"/>
</testsuite> <!-- com.php.testCases.LoginPageTest -->
