<?xml version="1.0" encoding="UTF-8"?>
<!-- Generated by org.testng.reporters.JUnitReportReporter -->
<testsuite hostname="DESKTOP-R05C0VE" failures="0" tests="6" name="com.Orange.testCases.EmployeeListTest" time="119.911" errors="0" timestamp="24 May 2022 02:25:51 GMT">
  <testcase classname="com.Orange.testCases.EmployeeListTest" name="AddEmployees" time="22.451"/>
  <testcase classname="com.Orange.testCases.EmployeeListTest" name="AddEmployees" time="18.089"/>
  <testcase classname="com.Orange.testCases.EmployeeListTest" name="AddEmployees" time="21.781"/>
  <testcase classname="com.Orange.testCases.EmployeeListTest" name="AddEmployees" time="20.066"/>
  <testcase classname="com.Orange.testCases.EmployeeListTest" name="AddEmployees" time="20.154"/>
  <testcase classname="com.Orange.testCases.EmployeeListTest" name="AddEmployees" time="17.370"/>
</testsuite> <!-- com.Orange.testCases.EmployeeListTest -->
