<?xml version="1.0" encoding="UTF-8"?>
<!-- Generated by org.testng.reporters.JUnitReportReporter -->
<testsuite hostname="DESKTOP-R05C0VE" failures="0" tests="1" name="com.Orange.testCases.LoginPageTest" time="20.359" errors="0" timestamp="23 May 2022 02:25:17 GMT">
  <testcase classname="com.Orange.testCases.LoginPageTest" name="loginValidation" time="20.359"/>
</testsuite> <!-- com.Orange.testCases.LoginPageTest -->
