<?xml version="1.0" encoding="UTF-8"?>
<!-- Generated by org.testng.reporters.JUnitReportReporter -->
<testsuite hostname="DESKTOP-R05C0VE" failures="0" tests="1" name="com.Orange.testCases.CandidateDetailsTest" time="21.708" errors="0" timestamp="25 May 2022 14:45:58 GMT">
  <testcase classname="com.Orange.testCases.CandidateDetailsTest" name="DownloadCV" time="21.708"/>
</testsuite> <!-- com.Orange.testCases.CandidateDetailsTest -->
