<?xml version="1.0" encoding="UTF-8"?>
<!-- Generated by org.testng.reporters.JUnitReportReporter -->
<testsuite hostname="DESKTOP-R05C0VE" failures="0" tests="1" name="com.Orange.testCases.LoginPageTest" time="18.826" errors="0" timestamp="14 Jun 2022 08:22:18 GMT">
  <testcase classname="com.Orange.testCases.LoginPageTest" name="loginValidation" time="18.826"/>
</testsuite> <!-- com.Orange.testCases.LoginPageTest -->
