<?xml version="1.0" encoding="UTF-8"?>
<!-- Generated by org.testng.reporters.JUnitReportReporter -->
<testsuite hostname="DESKTOP-R05C0VE" failures="0" tests="6" name="com.Orange.testCases.EmployeeListTest" time="120.019" errors="0" timestamp="14 Jun 2022 08:22:18 GMT">
  <testcase classname="com.Orange.testCases.EmployeeListTest" name="AddEmployees" time="22.894"/>
  <testcase classname="com.Orange.testCases.EmployeeListTest" name="AddEmployees" time="22.422"/>
  <testcase classname="com.Orange.testCases.EmployeeListTest" name="AddEmployees" time="17.456"/>
  <testcase classname="com.Orange.testCases.EmployeeListTest" name="AddEmployees" time="18.955"/>
  <testcase classname="com.Orange.testCases.EmployeeListTest" name="AddEmployees" time="17.550"/>
  <testcase classname="com.Orange.testCases.EmployeeListTest" name="AddEmployees" time="20.742"/>
</testsuite> <!-- com.Orange.testCases.EmployeeListTest -->
