<?xml version="1.0" encoding="UTF-8"?>
<!-- Generated by org.testng.reporters.JUnitReportReporter -->
<testsuite hostname="DESKTOP-R05C0VE" failures="0" tests="1" name="com.Orange.testCases.CandidateDetailsTest" time="17.884" errors="0" timestamp="14 Jun 2022 08:22:18 GMT">
  <testcase classname="com.Orange.testCases.CandidateDetailsTest" name="DownloadCV" time="17.884"/>
</testsuite> <!-- com.Orange.testCases.CandidateDetailsTest -->
