<?xml version="1.0" encoding="UTF-8"?>
<!-- Generated by org.testng.reporters.JUnitReportReporter -->
<testsuite hostname="LAPTOP-SI8H27EB" failures="0" tests="2" name="com.tv.admin.test.ProductDeletionTestCase015" time="15.154" errors="0" timestamp="2021-09-21T13:00:41 IST" skipped="0">
  <testcase classname="com.tv.admin.test.ProductDeletionTestCase015" name="productDeleteValidation" time="8.126"/>
  <system-out/>
  <testcase classname="com.tv.admin.test.ProductDeletionTestCase015" name="productDeleteValidation" time="7.028"/>
  <system-out/>
</testsuite> <!-- com.tv.admin.test.ProductDeletionTestCase015 -->
