<?xml version="1.0" encoding="UTF-8"?>
<!-- Generated by org.testng.reporters.JUnitReportReporter -->
<testsuite hostname="LAPTOP-SI8H27EB" failures="0" tests="5" name="com.tv.admin.test.ProductCreationTestCase004" time="41.043" errors="0" timestamp="2021-09-21T13:00:41 IST" skipped="0">
  <testcase classname="com.tv.admin.test.ProductCreationTestCase004" name="productCreationTest" time="7.932"/>
  <system-out/>
  <testcase classname="com.tv.admin.test.ProductCreationTestCase004" name="productCreationTest" time="8.434"/>
  <system-out/>
  <testcase classname="com.tv.admin.test.ProductCreationTestCase004" name="productCreationTest" time="8.308"/>
  <system-out/>
  <testcase classname="com.tv.admin.test.ProductCreationTestCase004" name="productCreationTest" time="7.910"/>
  <system-out/>
  <testcase classname="com.tv.admin.test.ProductCreationTestCase004" name="productCreationTest" time="8.459"/>
  <system-out/>
</testsuite> <!-- com.tv.admin.test.ProductCreationTestCase004 -->
