<?xml version="1.0" encoding="UTF-8"?>
<!-- Generated by org.testng.reporters.JUnitReportReporter -->
<testsuite hostname="LAPTOP-SI8H27EB" failures="0" tests="1" name="com.tv.admin.test.UniqueProductTestCase013" time="8.899" errors="0" timestamp="2021-09-21T13:00:41 IST" skipped="0">
  <testcase classname="com.tv.admin.test.UniqueProductTestCase013" name="uniqueProductValidation" time="8.899"/>
  <system-out/>
</testsuite> <!-- com.tv.admin.test.UniqueProductTestCase013 -->
