<?xml version="1.0" encoding="UTF-8"?>
<!-- Generated by org.testng.reporters.JUnitReportReporter -->
<testsuite hostname="LAPTOP-SI8H27EB" failures="0" tests="1" name="twitter.signup" time="26.452" errors="0" timestamp="29 Jul 2021 04:50:40 GMT">
  <testcase classname="twitter.signup" name="validateSignup" time="26.452"/>
</testsuite> <!-- twitter.signup -->
