<?xml version="1.0" encoding="UTF-8"?>
<!-- Generated by org.testng.reporters.JUnitReportReporter -->
<testsuite hostname="DESKTOP-R05C0VE" failures="0" tests="1" name="twitter.FooterLinks" time="98.927" errors="0" timestamp="1 May 2022 10:24:30 GMT">
  <testcase classname="twitter.FooterLinks" name="linkTab" time="98.927"/>
</testsuite> <!-- twitter.FooterLinks -->
